d:\vsproject\liunuxos_c_t\kernel\release\vc140.pdb
d:\vsproject\liunuxos_c_t\kernel\release\memory.obj
d:\vsproject\liunuxos_c_t\kernel\release\math.obj
d:\vsproject\liunuxos_c_t\kernel\release\listentry.obj
d:\vsproject\liunuxos_c_t\kernel\release\hardware.obj
d:\vsproject\liunuxos_c_t\kernel\release\ios9660.obj
d:\vsproject\liunuxos_c_t\kernel\release\gdi.obj
d:\vsproject\liunuxos_c_t\kernel\release\floppy.obj
d:\vsproject\liunuxos_c_t\kernel\release\file.obj
d:\vsproject\liunuxos_c_t\kernel\release\fileutils.obj
d:\vsproject\liunuxos_c_t\kernel\release\exception.obj
d:\vsproject\liunuxos_c_t\kernel\release\dosprocess.obj
d:\vsproject\liunuxos_c_t\kernel\release\descriptor.obj
d:\vsproject\liunuxos_c_t\kernel\release\debugger.obj
d:\vsproject\liunuxos_c_t\kernel\release\coprocessor.obj
d:\vsproject\liunuxos_c_t\kernel\release\cmostimer.obj
d:\vsproject\liunuxos_c_t\kernel\release\cmosalarm.obj
d:\vsproject\liunuxos_c_t\kernel\release\atapi.obj
d:\vsproject\liunuxos_c_t\kernel\release\systemtimer.obj
d:\vsproject\liunuxos_c_t\kernel\release\system.obj
d:\vsproject\liunuxos_c_t\kernel\release\speaker.obj
d:\vsproject\liunuxos_c_t\kernel\release\sbplay.obj
d:\vsproject\liunuxos_c_t\kernel\release\slab.obj
d:\vsproject\liunuxos_c_t\kernel\release\servicesproc.obj
d:\vsproject\liunuxos_c_t\kernel\release\sectorreader.obj
d:\vsproject\liunuxos_c_t\kernel\release\pe.obj
d:\vsproject\liunuxos_c_t\kernel\release\pci.obj
d:\vsproject\liunuxos_c_t\kernel\release\mouse.obj
d:\vsproject\liunuxos_c_t\kernel\release\keyboard.obj
d:\vsproject\liunuxos_c_t\kernel\release\kernel.obj
d:\vsproject\liunuxos_c_t\kernel\release\satadriver.obj
d:\vsproject\liunuxos_c_t\kernel\release\screenutils.obj
d:\vsproject\liunuxos_c_t\kernel\release\rs232.obj
d:\vsproject\liunuxos_c_t\kernel\release\pevirtual.obj
d:\vsproject\liunuxos_c_t\kernel\release\peresource.obj
d:\vsproject\liunuxos_c_t\kernel\release\page.obj
d:\vsproject\liunuxos_c_t\kernel\release\ntfsfile.obj
d:\vsproject\liunuxos_c_t\kernel\release\ntfs.obj
d:\vsproject\liunuxos_c_t\kernel\release\window.obj
d:\vsproject\liunuxos_c_t\kernel\release\video.obj
d:\vsproject\liunuxos_c_t\kernel\release\v86.obj
d:\vsproject\liunuxos_c_t\kernel\release\utils.obj
d:\vsproject\liunuxos_c_t\kernel\release\process.obj
d:\vsproject\liunuxos_c_t\kernel\release\thread.obj
d:\vsproject\liunuxos_c_t\kernel\release\task.obj
d:\vsproject\liunuxos_c_t\kernel\release\fat32file.obj
d:\vsproject\liunuxos_c_t\kernel\release\fat32utils.obj
d:\vsproject\liunuxos_c_t\kernel\release\fat32.obj
d:\vsproject\liunuxos_c_t\release\kernel.lib
d:\vsproject\liunuxos_c_t\release\kernel.exp
d:\vsproject\liunuxos_c_t\release\kernel.dll
d:\vsproject\liunuxos_c_t\release\kernel.pdb
d:\vsproject\liunuxos_c_t\kernel\release\kernel.tlog\cl.command.1.tlog
d:\vsproject\liunuxos_c_t\kernel\release\kernel.tlog\cl.read.1.tlog
d:\vsproject\liunuxos_c_t\kernel\release\kernel.tlog\cl.write.1.tlog
d:\vsproject\liunuxos_c_t\kernel\release\kernel.tlog\kernel.write.1u.tlog
d:\vsproject\liunuxos_c_t\kernel\release\kernel.tlog\link.command.1.tlog
d:\vsproject\liunuxos_c_t\kernel\release\kernel.tlog\link.read.1.tlog
d:\vsproject\liunuxos_c_t\kernel\release\kernel.tlog\link.write.1.tlog
