d:\vsproject\liunuxos_c_t\main\release\vc140.pdb
d:\vsproject\liunuxos_c_t\main\release\userutils.obj
d:\vsproject\liunuxos_c_t\main\release\sysregs.obj
d:\vsproject\liunuxos_c_t\main\release\windowclass.obj
d:\vsproject\liunuxos_c_t\main\release\taskbar.obj
d:\vsproject\liunuxos_c_t\main\release\paint.obj
d:\vsproject\liunuxos_c_t\main\release\ntfsdirs.obj
d:\vsproject\liunuxos_c_t\main\release\menu.obj
d:\vsproject\liunuxos_c_t\main\release\main.obj
d:\vsproject\liunuxos_c_t\main\release\machine.obj
d:\vsproject\liunuxos_c_t\main\release\ios9660.obj
d:\vsproject\liunuxos_c_t\main\release\graph.obj
d:\vsproject\liunuxos_c_t\main\release\jpeg.obj
d:\vsproject\liunuxos_c_t\main\release\fmwindow.obj
d:\vsproject\liunuxos_c_t\main\release\filemanager.obj
d:\vsproject\liunuxos_c_t\main\release\fat32dirs.obj
d:\vsproject\liunuxos_c_t\main\release\fat12.obj
d:\vsproject\liunuxos_c_t\main\release\explorer.obj
d:\vsproject\liunuxos_c_t\main\release\console.obj
d:\vsproject\liunuxos_c_t\release\main.dll
d:\vsproject\liunuxos_c_t\release\main.pdb
d:\vsproject\liunuxos_c_t\release\main.lib
d:\vsproject\liunuxos_c_t\release\main.exp
d:\vsproject\liunuxos_c_t\main\release\main.res
d:\vsproject\liunuxos_c_t\main\release\main.tlog\cl.command.1.tlog
d:\vsproject\liunuxos_c_t\main\release\main.tlog\cl.read.1.tlog
d:\vsproject\liunuxos_c_t\main\release\main.tlog\cl.write.1.tlog
d:\vsproject\liunuxos_c_t\main\release\main.tlog\link.command.1.tlog
d:\vsproject\liunuxos_c_t\main\release\main.tlog\link.read.1.tlog
d:\vsproject\liunuxos_c_t\main\release\main.tlog\link.write.1.tlog
d:\vsproject\liunuxos_c_t\main\release\main.tlog\main.write.1u.tlog
d:\vsproject\liunuxos_c_t\main\release\main.tlog\rc.command.1.tlog
d:\vsproject\liunuxos_c_t\main\release\main.tlog\rc.read.1.tlog
d:\vsproject\liunuxos_c_t\main\release\main.tlog\rc.write.1.tlog
